#! /usr/bin/vvp
:ivl_version "11.0 (stable)";
:ivl_delay_selection "TYPICAL";
:vpi_time_precision - 12;
:vpi_module "/usr/lib/x86_64-linux-gnu/ivl/system.vpi";
:vpi_module "/usr/lib/x86_64-linux-gnu/ivl/vhdl_sys.vpi";
:vpi_module "/usr/lib/x86_64-linux-gnu/ivl/vhdl_textio.vpi";
:vpi_module "/usr/lib/x86_64-linux-gnu/ivl/v2005_math.vpi";
:vpi_module "/usr/lib/x86_64-linux-gnu/ivl/va_math.vpi";
S_0x5621770e70f0 .scope module, "alu_tb" "alu_tb" 2 3;
 .timescale -9 -12;
v0x562177135520_0 .var "a_tb", 7 0;
v0x562177135600_0 .var "b_tb", 7 0;
v0x5621771356a0_0 .var "op_tb", 2 0;
v0x5621771357a0_0 .net "res_tb", 7 0, v0x5621771353c0_0;  1 drivers
S_0x5621770e7280 .scope module, "u_alu0" "alu" 2 33, 3 3 0, S_0x5621770e70f0;
 .timescale -9 -12;
    .port_info 0 /INPUT 8 "a_i";
    .port_info 1 /INPUT 8 "b_i";
    .port_info 2 /INPUT 3 "op_i";
    .port_info 3 /OUTPUT 8 "res_o";
v0x5621770e8bf0_0 .net "a_i", 7 0, v0x562177135520_0;  1 drivers
v0x5621770e9000_0 .net "b_i", 7 0, v0x562177135600_0;  1 drivers
v0x562177135300_0 .net "op_i", 2 0, v0x5621771356a0_0;  1 drivers
v0x5621771353c0_0 .var "res_o", 7 0;
E_0x562177122700 .event edge, v0x562177135300_0, v0x5621770e8bf0_0, v0x5621770e9000_0;
    .scope S_0x5621770e7280;
T_0 ;
    %wait E_0x562177122700;
    %load/vec4 v0x562177135300_0;
    %cmpi/e 0, 0, 3;
    %jmp/0xz  T_0.0, 4;
    %load/vec4 v0x5621770e8bf0_0;
    %load/vec4 v0x5621770e9000_0;
    %add;
    %store/vec4 v0x5621771353c0_0, 0, 8;
    %jmp T_0.1;
T_0.0 ;
    %load/vec4 v0x562177135300_0;
    %cmpi/e 1, 0, 3;
    %jmp/0xz  T_0.2, 4;
    %load/vec4 v0x5621770e8bf0_0;
    %load/vec4 v0x5621770e9000_0;
    %sub;
    %store/vec4 v0x5621771353c0_0, 0, 8;
    %jmp T_0.3;
T_0.2 ;
    %load/vec4 v0x562177135300_0;
    %cmpi/e 2, 0, 3;
    %jmp/0xz  T_0.4, 4;
    %load/vec4 v0x5621770e8bf0_0;
    %load/vec4 v0x5621770e9000_0;
    %and;
    %store/vec4 v0x5621771353c0_0, 0, 8;
    %jmp T_0.5;
T_0.4 ;
    %load/vec4 v0x562177135300_0;
    %cmpi/e 3, 0, 3;
    %jmp/0xz  T_0.6, 4;
    %load/vec4 v0x5621770e8bf0_0;
    %load/vec4 v0x5621770e9000_0;
    %or;
    %store/vec4 v0x5621771353c0_0, 0, 8;
    %jmp T_0.7;
T_0.6 ;
    %load/vec4 v0x562177135300_0;
    %cmpi/e 4, 0, 3;
    %jmp/0xz  T_0.8, 4;
    %load/vec4 v0x5621770e8bf0_0;
    %load/vec4 v0x5621770e9000_0;
    %xor;
    %store/vec4 v0x5621771353c0_0, 0, 8;
    %jmp T_0.9;
T_0.8 ;
    %load/vec4 v0x562177135300_0;
    %cmpi/e 0, 0, 3;
    %jmp/0xz  T_0.10, 4;
    %load/vec4 v0x5621770e8bf0_0;
    %ix/getv 4, v0x5621770e9000_0;
    %shiftl 4;
    %store/vec4 v0x5621771353c0_0, 0, 8;
    %jmp T_0.11;
T_0.10 ;
    %pushi/vec4 0, 0, 8;
    %store/vec4 v0x5621771353c0_0, 0, 8;
T_0.11 ;
T_0.9 ;
T_0.7 ;
T_0.5 ;
T_0.3 ;
T_0.1 ;
    %jmp T_0;
    .thread T_0, $push;
    .scope S_0x5621770e70f0;
T_1 ;
    %delay 100, 0;
    %pushi/vec4 3, 0, 8;
    %store/vec4 v0x562177135520_0, 0, 8;
    %pushi/vec4 85, 0, 8;
    %store/vec4 v0x562177135600_0, 0, 8;
    %pushi/vec4 0, 0, 3;
    %store/vec4 v0x5621771356a0_0, 0, 3;
    %vpi_call 2 21 "$display", "The value of res_tb is %d", v0x5621771357a0_0 {0 0 0};
    %vpi_call 2 24 "$dumpfile", "alu.vcd" {0 0 0};
    %vpi_call 2 25 "$dumpvars", 32'sb00000000000000000000000000000000, S_0x5621770e70f0 {0 0 0};
    %delay 10000, 0;
    %end;
    .thread T_1;
# The file index is used to find the file name in the following table.
:file_names 4;
    "N/A";
    "<interactive>";
    "alu_tb.v";
    "alu.v";
